[debug] [2021-08-03T17:15:17.833Z] ----------------------------------------------------------------------
[debug] [2021-08-03T17:15:17.835Z] Command:       D:\Softwares\Node Js\Installation File\node.exe C:\Users\Karen Pinto\AppData\Roaming\npm\node_modules\firebase-tools\lib\bin\firebase.js emulators:start
[debug] [2021-08-03T17:15:17.835Z] CLI Version:   9.16.0
[debug] [2021-08-03T17:15:17.835Z] Platform:      win32
[debug] [2021-08-03T17:15:17.835Z] Node Version:  v12.18.3
[debug] [2021-08-03T17:15:17.836Z] Time:          Tue Aug 03 2021 22:45:17 GMT+0530 (India Standard Time)
[debug] [2021-08-03T17:15:17.836Z] ----------------------------------------------------------------------
[debug] 
[debug] [2021-08-03T17:15:17.838Z] >>> [apiv2][query] GET https://firebase-public.firebaseio.com/cli.json [none]
[debug] [2021-08-03T17:15:17.895Z] > command requires scopes: ["email","openid","https://www.googleapis.com/auth/cloudplatformprojects.readonly","https://www.googleapis.com/auth/firebase","https://www.googleapis.com/auth/cloud-platform"]
[debug] [2021-08-03T17:15:17.896Z] > authorizing via signed-in user (karenpinto1602@gmail.com)
[info] i  emulators: Starting emulators: functions, hosting {"metadata":{"emulator":{"name":"hub"},"message":"Starting emulators: functions, hosting"}}
[debug] [2021-08-03T17:15:18.626Z] <<< [apiv2][status] GET https://firebase-public.firebaseio.com/cli.json 200
[debug] [2021-08-03T17:15:18.627Z] <<< [apiv2][body] GET https://firebase-public.firebaseio.com/cli.json {"cloudBuildErrorAfter":1594252800000,"cloudBuildWarnAfter":1590019200000,"defaultNode10After":1594252800000,"minVersion":"3.0.5","node8DeploysDisabledAfter":1613390400000,"node8RuntimeDisabledAfter":1615809600000,"node8WarnAfter":1600128000000}
[warn] !  emulators: It seems that you are running multiple instances of the emulator suite for project clone-802f3. This may result in unexpected behavior. 
[debug] [2021-08-03T17:15:19.945Z] [hub] writing locator at C:\Users\KARENP~1\AppData\Local\Temp\hub-clone-802f3.json
[warn] !  functions: The following emulators are not running, calls to these services from the Functions emulator will affect production: auth, firestore, database, pubsub, storage {"metadata":{"emulator":{"name":"functions"},"message":"The following emulators are not running, calls to these services from the Functions emulator will affect production: \u001b[1mauth, firestore, database, pubsub, storage\u001b[22m"}}
[warn] !  Your requested "node" version "14" doesn't match your global version "12" {"metadata":{"emulator":{"name":"functions"},"message":"Your requested \"node\" version \"14\" doesn't match your global version \"12\""}}
[debug] [2021-08-03T17:15:22.015Z] defaultcredentials: writing to file C:\Users\Karen Pinto\AppData\Roaming\firebase\karenpinto1602_gmail_com_application_default_credentials.json
[debug] [2021-08-03T17:15:22.018Z] Setting GAC to C:\Users\Karen Pinto\AppData\Roaming\firebase\karenpinto1602_gmail_com_application_default_credentials.json {"metadata":{"emulator":{"name":"functions"},"message":"Setting GAC to C:\\Users\\Karen Pinto\\AppData\\Roaming\\firebase\\karenpinto1602_gmail_com_application_default_credentials.json"}}
[debug] [2021-08-03T17:15:22.019Z] > refreshing access token with scopes: []
[debug] [2021-08-03T17:15:22.019Z] >>> HTTP REQUEST POST https://www.googleapis.com/oauth2/v3/token  
 <request body omitted>
[debug] [2021-08-03T17:15:22.177Z] <<< HTTP RESPONSE 200 {"cache-control":"no-cache, no-store, max-age=0, must-revalidate","pragma":"no-cache","date":"Tue, 03 Aug 2021 17:15:23 GMT","expires":"Mon, 01 Jan 1990 00:00:00 GMT","content-type":"application/json; charset=utf-8","vary":"X-Origin, Referer, Origin,Accept-Encoding","server":"scaffolding on HTTPServer2","x-xss-protection":"0","x-frame-options":"SAMEORIGIN","x-content-type-options":"nosniff","alt-svc":"h3=\":443\"; ma=2592000,h3-29=\":443\"; ma=2592000,h3-T051=\":443\"; ma=2592000,h3-Q050=\":443\"; ma=2592000,h3-Q046=\":443\"; ma=2592000,h3-Q043=\":443\"; ma=2592000,quic=\":443\"; ma=2592000; v=\"46,43\"","accept-ranges":"none","transfer-encoding":"chunked"}
[debug] [2021-08-03T17:15:22.189Z] >>> [apiv2][query] GET https://firebase.googleapis.com/v1beta1/projects/clone-802f3/adminSdkConfig [none]
[debug] [2021-08-03T17:15:22.758Z] <<< [apiv2][status] GET https://firebase.googleapis.com/v1beta1/projects/clone-802f3/adminSdkConfig 200
[debug] [2021-08-03T17:15:22.758Z] <<< [apiv2][body] GET https://firebase.googleapis.com/v1beta1/projects/clone-802f3/adminSdkConfig {"projectId":"clone-802f3","storageBucket":"clone-802f3.appspot.com","locationId":"asia-south1"}
[debug] [2021-08-03T17:15:24.818Z] >>> [apiv2][query] GET https://firebasehosting.googleapis.com/v1beta1/projects/clone-802f3/sites 
[debug] [2021-08-03T17:15:26.327Z] <<< [apiv2][status] GET https://firebasehosting.googleapis.com/v1beta1/projects/clone-802f3/sites 200
[debug] [2021-08-03T17:15:26.327Z] <<< [apiv2][body] GET https://firebasehosting.googleapis.com/v1beta1/projects/clone-802f3/sites {"sites":[{"name":"projects/619979057879/sites/clone-802f3","defaultUrl":"https://clone-802f3.web.app","appId":"1:619979057879:web:ab8ebcb2313dc6a6e69e92","type":"DEFAULT_SITE"}]}
[debug] [2021-08-03T17:15:26.327Z] >>> [apiv2][query] GET https://firebase.googleapis.com/v1beta1/projects/clone-802f3/webApps/1:619979057879:web:ab8ebcb2313dc6a6e69e92/config [none]
[debug] [2021-08-03T17:15:27.621Z] <<< [apiv2][status] GET https://firebase.googleapis.com/v1beta1/projects/clone-802f3/webApps/1:619979057879:web:ab8ebcb2313dc6a6e69e92/config 200
[debug] [2021-08-03T17:15:27.621Z] <<< [apiv2][body] GET https://firebase.googleapis.com/v1beta1/projects/clone-802f3/webApps/1:619979057879:web:ab8ebcb2313dc6a6e69e92/config {"projectId":"clone-802f3","appId":"1:619979057879:web:ab8ebcb2313dc6a6e69e92","storageBucket":"clone-802f3.appspot.com","locationId":"asia-south1","apiKey":"AIzaSyDeg8OqQHad4baDjQ7BPua34cZS-6MSp-8","authDomain":"clone-802f3.firebaseapp.com","messagingSenderId":"619979057879","measurementId":"G-9DR1VN31S6"}
[info] i  hosting: Serving hosting files from: build {"metadata":{"emulator":{"name":"hosting"},"message":"Serving hosting files from: \u001b[1mbuild\u001b[22m"}}
[info] +  hosting: Local server: http://localhost:5000 {"metadata":{"emulator":{"name":"hosting"},"message":"Local server: \u001b[4m\u001b[1mhttp://localhost:5000\u001b[22m\u001b[24m"}}
[warn] !  ui: Emulator UI unable to start on port 4000, starting on 4005 instead. {"metadata":{"emulator":{"name":"ui"},"message":"Emulator UI unable to start on port 4000, starting on 4005 instead."}}
[debug] [2021-08-03T17:15:29.713Z] Ignoring unsupported arg: auto_download {"metadata":{"emulator":{"name":"ui"},"message":"Ignoring unsupported arg: auto_download"}}
[debug] [2021-08-03T17:15:29.713Z] Ignoring unsupported arg: port {"metadata":{"emulator":{"name":"ui"},"message":"Ignoring unsupported arg: port"}}
[debug] [2021-08-03T17:15:29.713Z] Starting Emulator UI with command {"binary":"node","args":["C:\\Users\\Karen Pinto\\.cache\\firebase\\emulators\\ui-v1.6.0\\server.bundle.js"],"optionalArgs":[],"joinArgs":false} {"metadata":{"emulator":{"name":"ui"},"message":"Starting Emulator UI with command {\"binary\":\"node\",\"args\":[\"C:\\\\Users\\\\Karen Pinto\\\\.cache\\\\firebase\\\\emulators\\\\ui-v1.6.0\\\\server.bundle.js\"],\"optionalArgs\":[],\"joinArgs\":false}"}}
[info] i  ui: Emulator UI logging to ui-debug.log {"metadata":{"emulator":{"name":"ui"},"message":"Emulator UI logging to \u001b[1mui-debug.log\u001b[22m"}}
[debug] [2021-08-03T17:15:29.816Z] Web / API server started at localhost:4005
 {"metadata":{"emulator":{"name":"ui"},"message":"Web / API server started at localhost:4005\n"}}
[info] i  functions: Watching "D:\KP-tech\AmazonClone\testing\amazon-clone\functions" for Cloud Functions... {"metadata":{"emulator":{"name":"functions"},"message":"Watching \"D:\\KP-tech\\AmazonClone\\testing\\amazon-clone\\functions\" for Cloud Functions..."}}
[debug] [2021-08-03T17:15:30.246Z] [worker-pool] addWorker(~diagnostic~) {"metadata":{"emulator":{"name":"functions"},"message":"[worker-pool] addWorker(~diagnostic~)"}}
[debug] [2021-08-03T17:15:30.246Z] [worker-pool] Adding worker with key ~diagnostic~, total=1 {"metadata":{"emulator":{"name":"functions"},"message":"[worker-pool] Adding worker with key ~diagnostic~, total=1"}}
[debug] [2021-08-03T17:15:30.246Z] [worker-pool] submitWork(triggerId=) {"metadata":{"emulator":{"name":"functions"},"message":"[worker-pool] submitWork(triggerId=)"}}
[debug] [2021-08-03T17:15:30.246Z] [worker-~diagnostic~-4643f0cd-c700-4b30-afd2-6fb0fc92f9ed]: Assigning socketPath: \\?\pipe\D:\KP-tech\AmazonClone\testing\amazon-clone\functions\7808 {"metadata":{"emulator":{"name":"functions"},"message":"[worker-~diagnostic~-4643f0cd-c700-4b30-afd2-6fb0fc92f9ed]: Assigning socketPath: \\\\?\\pipe\\D:\\KP-tech\\AmazonClone\\testing\\amazon-clone\\functions\\7808"}}
[debug] [2021-08-03T17:15:30.246Z] [worker-~diagnostic~-4643f0cd-c700-4b30-afd2-6fb0fc92f9ed]: BUSY {"metadata":{"emulator":{"name":"functions"},"message":"[worker-~diagnostic~-4643f0cd-c700-4b30-afd2-6fb0fc92f9ed]: BUSY"}}
[debug] [2021-08-03T17:15:30.424Z] [runtime-status] [7808] Functions runtime initialized. {"cwd":"D:\\KP-tech\\AmazonClone\\testing\\amazon-clone\\functions","node_version":"12.18.3"} {"metadata":{"emulator":{"name":"functions"},"message":"[runtime-status] [7808] Functions runtime initialized. {\"cwd\":\"D:\\\\KP-tech\\\\AmazonClone\\\\testing\\\\amazon-clone\\\\functions\",\"node_version\":\"12.18.3\"}"}}
[debug] [2021-08-03T17:15:30.424Z] [runtime-status] [7808] Disabled runtime features: undefined {"metadata":{"emulator":{"name":"functions"},"message":"[runtime-status] [7808] Disabled runtime features: undefined"}}
[warn] !  The Cloud Functions emulator requires the module "firebase-admin" to be installed. This package is in your package.json, but it's not available. You probably need to run "npm install" in your functions directory. {"metadata":{"emulator":{"name":"functions"},"message":"The Cloud Functions emulator requires the module \"firebase-admin\" to be installed. This package is in your package.json, but it's not available. You probably need to run \"npm install\" in your functions directory."}}
[info] i  functions: Your functions could not be parsed due to an issue with your node_modules (see above) {"metadata":{"emulator":{"name":"functions"},"message":"Your functions could not be parsed due to an issue with your node_modules (see above)"}}
[debug] [2021-08-03T17:15:30.458Z] [worker-~diagnostic~-4643f0cd-c700-4b30-afd2-6fb0fc92f9ed]: exited {"metadata":{"emulator":{"name":"functions"},"message":"[worker-~diagnostic~-4643f0cd-c700-4b30-afd2-6fb0fc92f9ed]: exited"}}
[debug] [2021-08-03T17:15:30.458Z] [worker-~diagnostic~-4643f0cd-c700-4b30-afd2-6fb0fc92f9ed]: FINISHED {"metadata":{"emulator":{"name":"functions"},"message":"[worker-~diagnostic~-4643f0cd-c700-4b30-afd2-6fb0fc92f9ed]: FINISHED"}}
[debug] [2021-08-03T17:18:21.668Z] [work-queue] {"queueLength":1,"workRunningCount":0}
[debug] [2021-08-03T17:18:21.668Z] [work-queue] {"queueLength":0,"workRunningCount":1}
[debug] [2021-08-03T17:18:21.670Z] [work-queue] {"queueLength":0,"workRunningCount":0}
[debug] [2021-08-03T17:22:07.521Z] File D:\KP-tech\AmazonClone\testing\amazon-clone\functions\package-lock.json changed, reloading triggers {"metadata":{"emulator":{"name":"functions"},"message":"File D:\\KP-tech\\AmazonClone\\testing\\amazon-clone\\functions\\package-lock.json changed, reloading triggers"}}
[debug] [2021-08-03T17:22:08.523Z] [worker-pool] Cleaned up workers for ~diagnostic~: 1 --> 0 {"metadata":{"emulator":{"name":"functions"},"message":"[worker-pool] Cleaned up workers for ~diagnostic~: 1 --> 0"}}
[debug] [2021-08-03T17:22:08.531Z] [worker-pool] addWorker(~diagnostic~) {"metadata":{"emulator":{"name":"functions"},"message":"[worker-pool] addWorker(~diagnostic~)"}}
[debug] [2021-08-03T17:22:08.531Z] [worker-pool] Adding worker with key ~diagnostic~, total=1 {"metadata":{"emulator":{"name":"functions"},"message":"[worker-pool] Adding worker with key ~diagnostic~, total=1"}}
[debug] [2021-08-03T17:22:08.531Z] [worker-pool] submitWork(triggerId=) {"metadata":{"emulator":{"name":"functions"},"message":"[worker-pool] submitWork(triggerId=)"}}
[debug] [2021-08-03T17:22:08.531Z] [worker-~diagnostic~-3520606c-ea61-412c-b869-d4cabe1cdbb8]: Assigning socketPath: \\?\pipe\D:\KP-tech\AmazonClone\testing\amazon-clone\functions\20900 {"metadata":{"emulator":{"name":"functions"},"message":"[worker-~diagnostic~-3520606c-ea61-412c-b869-d4cabe1cdbb8]: Assigning socketPath: \\\\?\\pipe\\D:\\KP-tech\\AmazonClone\\testing\\amazon-clone\\functions\\20900"}}
[debug] [2021-08-03T17:22:08.531Z] [worker-~diagnostic~-3520606c-ea61-412c-b869-d4cabe1cdbb8]: BUSY {"metadata":{"emulator":{"name":"functions"},"message":"[worker-~diagnostic~-3520606c-ea61-412c-b869-d4cabe1cdbb8]: BUSY"}}
[debug] [2021-08-03T17:22:08.712Z] [runtime-status] [20900] Functions runtime initialized. {"cwd":"D:\\KP-tech\\AmazonClone\\testing\\amazon-clone\\functions","node_version":"12.18.3"} {"metadata":{"emulator":{"name":"functions"},"message":"[runtime-status] [20900] Functions runtime initialized. {\"cwd\":\"D:\\\\KP-tech\\\\AmazonClone\\\\testing\\\\amazon-clone\\\\functions\",\"node_version\":\"12.18.3\"}"}}
[debug] [2021-08-03T17:22:08.713Z] [runtime-status] [20900] Disabled runtime features: undefined {"metadata":{"emulator":{"name":"functions"},"message":"[runtime-status] [20900] Disabled runtime features: undefined"}}
[debug] [2021-08-03T17:22:08.719Z] [runtime-status] [20900] Resolved module firebase-admin {"declared":true,"installed":true,"version":"9.11.0","resolution":"D:\\KP-tech\\AmazonClone\\testing\\amazon-clone\\functions\\node_modules\\firebase-admin\\lib\\index.js"} {"metadata":{"emulator":{"name":"functions"},"message":"[runtime-status] [20900] Resolved module firebase-admin {\"declared\":true,\"installed\":true,\"version\":\"9.11.0\",\"resolution\":\"D:\\\\KP-tech\\\\AmazonClone\\\\testing\\\\amazon-clone\\\\functions\\\\node_modules\\\\firebase-admin\\\\lib\\\\index.js\"}"}}
[debug] [2021-08-03T17:22:08.723Z] [runtime-status] [20900] Resolved module firebase-functions {"declared":true,"installed":true,"version":"3.14.1","resolution":"D:\\KP-tech\\AmazonClone\\testing\\amazon-clone\\functions\\node_modules\\firebase-functions\\lib\\index.js"} {"metadata":{"emulator":{"name":"functions"},"message":"[runtime-status] [20900] Resolved module firebase-functions {\"declared\":true,\"installed\":true,\"version\":\"3.14.1\",\"resolution\":\"D:\\\\KP-tech\\\\AmazonClone\\\\testing\\\\amazon-clone\\\\functions\\\\node_modules\\\\firebase-functions\\\\lib\\\\index.js\"}"}}
[debug] [2021-08-03T17:22:08.724Z] [runtime-status] [20900] Resolved module firebase-functions {"declared":true,"installed":true,"version":"3.14.1","resolution":"D:\\KP-tech\\AmazonClone\\testing\\amazon-clone\\functions\\node_modules\\firebase-functions\\lib\\index.js"} {"metadata":{"emulator":{"name":"functions"},"message":"[runtime-status] [20900] Resolved module firebase-functions {\"declared\":true,\"installed\":true,\"version\":\"3.14.1\",\"resolution\":\"D:\\\\KP-tech\\\\AmazonClone\\\\testing\\\\amazon-clone\\\\functions\\\\node_modules\\\\firebase-functions\\\\lib\\\\index.js\"}"}}
[debug] [2021-08-03T17:22:08.726Z] [runtime-status] [20900] Outgoing network have been stubbed. [{"name":"http","status":"mocked"},{"name":"http","status":"mocked"},{"name":"https","status":"mocked"},{"name":"https","status":"mocked"},{"name":"net","status":"mocked"}] {"metadata":{"emulator":{"name":"functions"},"message":"[runtime-status] [20900] Outgoing network have been stubbed. [{\"name\":\"http\",\"status\":\"mocked\"},{\"name\":\"http\",\"status\":\"mocked\"},{\"name\":\"https\",\"status\":\"mocked\"},{\"name\":\"https\",\"status\":\"mocked\"},{\"name\":\"net\",\"status\":\"mocked\"}]"}}
[debug] [2021-08-03T17:22:08.726Z] [runtime-status] [20900] Resolved module firebase-functions {"declared":true,"installed":true,"version":"3.14.1","resolution":"D:\\KP-tech\\AmazonClone\\testing\\amazon-clone\\functions\\node_modules\\firebase-functions\\lib\\index.js"} {"metadata":{"emulator":{"name":"functions"},"message":"[runtime-status] [20900] Resolved module firebase-functions {\"declared\":true,\"installed\":true,\"version\":\"3.14.1\",\"resolution\":\"D:\\\\KP-tech\\\\AmazonClone\\\\testing\\\\amazon-clone\\\\functions\\\\node_modules\\\\firebase-functions\\\\lib\\\\index.js\"}"}}
[debug] [2021-08-03T17:22:08.993Z] [runtime-status] [20900] Checked functions.config() {"config":{}} {"metadata":{"emulator":{"name":"functions"},"message":"[runtime-status] [20900] Checked functions.config() {\"config\":{}}"}}
[debug] [2021-08-03T17:22:08.993Z] [runtime-status] [20900] firebase-functions has been stubbed. {"functionsResolution":{"declared":true,"installed":true,"version":"3.14.1","resolution":"D:\\KP-tech\\AmazonClone\\testing\\amazon-clone\\functions\\node_modules\\firebase-functions\\lib\\index.js"}} {"metadata":{"emulator":{"name":"functions"},"message":"[runtime-status] [20900] firebase-functions has been stubbed. {\"functionsResolution\":{\"declared\":true,\"installed\":true,\"version\":\"3.14.1\",\"resolution\":\"D:\\\\KP-tech\\\\AmazonClone\\\\testing\\\\amazon-clone\\\\functions\\\\node_modules\\\\firebase-functions\\\\lib\\\\index.js\"}}"}}
[debug] [2021-08-03T17:22:08.994Z] [runtime-status] [20900] Resolved module firebase-functions {"declared":true,"installed":true,"version":"3.14.1","resolution":"D:\\KP-tech\\AmazonClone\\testing\\amazon-clone\\functions\\node_modules\\firebase-functions\\lib\\index.js"} {"metadata":{"emulator":{"name":"functions"},"message":"[runtime-status] [20900] Resolved module firebase-functions {\"declared\":true,\"installed\":true,\"version\":\"3.14.1\",\"resolution\":\"D:\\\\KP-tech\\\\AmazonClone\\\\testing\\\\amazon-clone\\\\functions\\\\node_modules\\\\firebase-functions\\\\lib\\\\index.js\"}"}}
[debug] [2021-08-03T17:22:08.995Z] [runtime-status] [20900] Resolved module firebase-admin {"declared":true,"installed":true,"version":"9.11.0","resolution":"D:\\KP-tech\\AmazonClone\\testing\\amazon-clone\\functions\\node_modules\\firebase-admin\\lib\\index.js"} {"metadata":{"emulator":{"name":"functions"},"message":"[runtime-status] [20900] Resolved module firebase-admin {\"declared\":true,\"installed\":true,\"version\":\"9.11.0\",\"resolution\":\"D:\\\\KP-tech\\\\AmazonClone\\\\testing\\\\amazon-clone\\\\functions\\\\node_modules\\\\firebase-admin\\\\lib\\\\index.js\"}"}}
[debug] [2021-08-03T17:22:08.996Z] [runtime-status] [20900] Resolved module firebase-functions {"declared":true,"installed":true,"version":"3.14.1","resolution":"D:\\KP-tech\\AmazonClone\\testing\\amazon-clone\\functions\\node_modules\\firebase-functions\\lib\\index.js"} {"metadata":{"emulator":{"name":"functions"},"message":"[runtime-status] [20900] Resolved module firebase-functions {\"declared\":true,\"installed\":true,\"version\":\"3.14.1\",\"resolution\":\"D:\\\\KP-tech\\\\AmazonClone\\\\testing\\\\amazon-clone\\\\functions\\\\node_modules\\\\firebase-functions\\\\lib\\\\index.js\"}"}}
[debug] [2021-08-03T17:22:08.996Z] [runtime-status] [20900] firebase-admin has been stubbed. {"adminResolution":{"declared":true,"installed":true,"version":"9.11.0","resolution":"D:\\KP-tech\\AmazonClone\\testing\\amazon-clone\\functions\\node_modules\\firebase-admin\\lib\\index.js"}} {"metadata":{"emulator":{"name":"functions"},"message":"[runtime-status] [20900] firebase-admin has been stubbed. {\"adminResolution\":{\"declared\":true,\"installed\":true,\"version\":\"9.11.0\",\"resolution\":\"D:\\\\KP-tech\\\\AmazonClone\\\\testing\\\\amazon-clone\\\\functions\\\\node_modules\\\\firebase-admin\\\\lib\\\\index.js\"}}"}}
[info] +  functions[us-central1-api]: http function initialized (http://localhost:5001/clone-802f3/us-central1/api). {"metadata":{"emulator":{"name":"functions"},"message":"\u001b[1mhttp\u001b[22m function initialized (http://localhost:5001/clone-802f3/us-central1/api)."}}
[debug] [2021-08-03T17:22:09.484Z] [worker-~diagnostic~-3520606c-ea61-412c-b869-d4cabe1cdbb8]: IDLE {"metadata":{"emulator":{"name":"functions"},"message":"[worker-~diagnostic~-3520606c-ea61-412c-b869-d4cabe1cdbb8]: IDLE"}}
